\BOOKMARK [1][-]{section.1}{Introduction}{}% 1
\BOOKMARK [2][-]{subsection.1.1}{Problem\040Background}{section.1}% 2
\BOOKMARK [2][-]{subsection.1.2}{Restatement\040of\040the\040Problem}{section.1}% 3
\BOOKMARK [2][-]{subsection.1.3}{Our\040Work}{section.1}% 4
\BOOKMARK [1][-]{section.2}{Assuptions\040and\040Justifications}{}% 5
\BOOKMARK [1][-]{section.3}{The\040Data}{}% 6
\BOOKMARK [1][-]{section.4}{Notations}{}% 7
\BOOKMARK [1][-]{section.5}{Analysis\040and\040Modeling}{}% 8
\BOOKMARK [2][-]{subsection.5.1}{Model\040i:\040Power\040Output\040and\040Recovery}{section.5}% 9
\BOOKMARK [3][-]{subsubsection.5.1.1}{Power\040Curve}{subsection.5.1}% 10
\BOOKMARK [3][-]{subsubsection.5.1.2}{Power\040Profiles\040of\040Three\040Typical\040Riders}{subsection.5.1}% 11
\BOOKMARK [2][-]{subsection.5.2}{Model\040ii:\040Optimal\040Power\040Distribution}{section.5}% 12
\BOOKMARK [3][-]{subsubsection.5.2.1}{Power\040and\040Energy\040Analysis}{subsection.5.2}% 13
\BOOKMARK [3][-]{subsubsection.5.2.2}{Weather\040Condition\040Analysis}{subsection.5.2}% 14
\BOOKMARK [3][-]{subsubsection.5.2.3}{Dynamic\040Analysis}{subsection.5.2}% 15
\BOOKMARK [3][-]{subsubsection.5.2.4}{Optimization\040of\040Power\040Distribution}{subsection.5.2}% 16
\BOOKMARK [2][-]{subsection.5.3}{2021\040Olympic\040Time\040Trial\040course}{section.5}% 17
\BOOKMARK [2][-]{subsection.5.4}{2021\040UCI\040World\040Championship\040time\040trial\040course}{section.5}% 18
\BOOKMARK [2][-]{subsection.5.5}{Self-Designed\040Course}{section.5}% 19
\BOOKMARK [1][-]{section.6}{Sensitivity\040Analysis}{}% 20
\BOOKMARK [2][-]{subsection.6.1}{Weather\040Conditions}{section.6}% 21
\BOOKMARK [2][-]{subsection.6.2}{Deviations\040From\040Target\040Power\040Distribution}{section.6}% 22
\BOOKMARK [1][-]{section.7}{Extend\040Our\040Model}{}% 23
\BOOKMARK [2][-]{subsection.7.1}{Simplified\040Situation}{section.7}% 24
\BOOKMARK [2][-]{subsection.7.2}{Complex\040Situation}{section.7}% 25
\BOOKMARK [1][-]{section.8}{Discussion}{}% 26
\BOOKMARK [2][-]{subsection.8.1}{Strengths\040and\040Weaknesses}{section.8}% 27
\BOOKMARK [2][-]{subsection.8.2}{Future\040Work}{section.8}% 28
\BOOKMARK [1][-]{section.9}{Guidance}{}% 29
